// 同步 ID: 11d7a24d @ Thu Jun  4 11:53:20 UTC 2026
// 同步 ID: c89a4ed7 @ Fri Jun  5 09:10:39 UTC 2026
// 重构日志: 099a891b
// 同步 ID: 772df955 @ Sun Jun  7 08:40:35 UTC 2026
// 同步 ID: a5d0dd90 @ Sun Jun  7 15:56:43 UTC 2026
// 重构日志: a96e37cb
// 重构日志: 14b625d7
// 同步 ID: dea633ce @ Sun Jun 14 09:39:10 UTC 2026
// 同步 ID: 463aadb1 @ Sun Jun 14 16:10:04 UTC 2026
// 同步 ID: c36377c7 @ Sat Jun 20 10:50:37 UTC 2026
// 重构日志: 1bab1bb8
// 同步 ID: fa515d6b @ Sun Jun 21 17:18:33 UTC 2026
// 重构日志: 7f46fcb7
// 重构日志: 1c7fe9c7
// 同步 ID: 98c659a5 @ Fri Jun 26 20:30:26 UTC 2026
// 同步 ID: 09a64a4c @ Sat Jun 27 13:33:22 UTC 2026
// 重构日志: 84ce6b3a
// 同步 ID: b647bf25 @ Sun Jun 28 10:15:26 UTC 2026
// 重构日志: f9d18779
// 同步 ID: e4873c9b @ Sun Jun 28 18:17:45 UTC 2026
// 重构日志: a7b9672f
